0 info it worked if it ends with ok
1 verbose cli [ '/usr/bin/nodejs', '/usr/bin/npm', 'publish' ]
2 info using npm@1.4.21
3 info using node@v0.10.29
4 verbose publish [ '.' ]
5 verbose cache add [ '.', null ]
6 verbose cache add name=undefined spec="." args=[".",null]
7 verbose parsed url { protocol: null,
7 verbose parsed url   slashes: null,
7 verbose parsed url   auth: null,
7 verbose parsed url   host: null,
7 verbose parsed url   port: null,
7 verbose parsed url   hostname: null,
7 verbose parsed url   hash: null,
7 verbose parsed url   search: null,
7 verbose parsed url   query: null,
7 verbose parsed url   pathname: '.',
7 verbose parsed url   path: '.',
7 verbose parsed url   href: '.' }
8 silly lockFile 3a52ce78- .
9 verbose lock . /home/herpiko/.npm/3a52ce78-.lock
10 verbose tar pack [ '/home/herpiko/.npm/basic-ods/0.0.3/package.tgz', '.' ]
11 verbose tarball /home/herpiko/.npm/basic-ods/0.0.3/package.tgz
12 verbose folder .
13 info prepublish basic-ods@0.0.3
14 silly lockFile 1f1177db-tar tar://.
15 verbose lock tar://. /home/herpiko/.npm/1f1177db-tar.lock
16 silly lockFile f7e08682--npm-basic-ods-0-0-3-package-tgz tar:///home/herpiko/.npm/basic-ods/0.0.3/package.tgz
17 verbose lock tar:///home/herpiko/.npm/basic-ods/0.0.3/package.tgz /home/herpiko/.npm/f7e08682--npm-basic-ods-0-0-3-package-tgz.lock
18 silly lockFile 1f1177db-tar tar://.
19 silly lockFile 1f1177db-tar tar://.
20 silly lockFile f7e08682--npm-basic-ods-0-0-3-package-tgz tar:///home/herpiko/.npm/basic-ods/0.0.3/package.tgz
21 silly lockFile f7e08682--npm-basic-ods-0-0-3-package-tgz tar:///home/herpiko/.npm/basic-ods/0.0.3/package.tgz
22 silly lockFile 42c994dd-piko-npm-basic-ods-0-0-3-package /home/herpiko/.npm/basic-ods/0.0.3/package
23 verbose lock /home/herpiko/.npm/basic-ods/0.0.3/package /home/herpiko/.npm/42c994dd-piko-npm-basic-ods-0-0-3-package.lock
24 silly lockFile 42c994dd-piko-npm-basic-ods-0-0-3-package /home/herpiko/.npm/basic-ods/0.0.3/package
25 silly lockFile 42c994dd-piko-npm-basic-ods-0-0-3-package /home/herpiko/.npm/basic-ods/0.0.3/package
26 silly lockFile 3a52ce78- .
27 silly lockFile 3a52ce78- .
28 silly publish { name: 'basic-ods',
28 silly publish   version: '0.0.3',
28 silly publish   description: 'An utility to convert an array of object to Open Document Spreadsheet file.',
28 silly publish   main: 'index.js',
28 silly publish   scripts: { test: 'echo "Error: no test specified" && exit 1' },
28 silly publish   repository:
28 silly publish    { type: 'git',
28 silly publish      url: 'https://github.com/KodeKreatif/node-basic-ods.git' },
28 silly publish   keywords:
28 silly publish    [ 'ods',
28 silly publish      'odf',
28 silly publish      'open',
28 silly publish      'document',
28 silly publish      'format',
28 silly publish      'open',
28 silly publish      'document',
28 silly publish      'spreadshet',
28 silly publish      'open',
28 silly publish      'document' ],
28 silly publish   author:
28 silly publish    { name: 'Herpiko Dwi Aguno',
28 silly publish      email: 'herpiko@gmail.com',
28 silly publish      url: 'http://kodekreatif.co.id/' },
28 silly publish   license: 'MIT',
28 silly publish   bugs: { url: 'https://github.com/KodeKreatif/node-basic-ods/issues' },
28 silly publish   dependencies:
28 silly publish    { 'adm-zip': '^0.4.7',
28 silly publish      async: '^0.9.0',
28 silly publish      'concat-files': '^0.1.0',
28 silly publish      'fs-extra': '^0.18.2',
28 silly publish      mocha: '^2.2.4',
28 silly publish      ncp: '^2.0.0',
28 silly publish      'on-finished': '^2.2.0',
28 silly publish      randomstring: '^1.0.5' },
28 silly publish   devDependencies: { chai: '^2.2.0', mocha: '^2.2.4' },
28 silly publish   gitHead: 'faba4ad5350842e9f787c29b54910f1c1b8dbe00',
28 silly publish   readme: 'ERROR: No README data found!',
28 silly publish   _id: 'basic-ods@0.0.3',
28 silly publish   _shasum: '6c1e5838616519b56c1e898776dbe4c746b27580',
28 silly publish   _from: '.' }
29 verbose request where is /basic-ods
30 verbose request registry https://registry.npmjs.org/
31 verbose request id a2f411a3137c01a6
32 verbose url raw /basic-ods
33 verbose url resolving [ 'https://registry.npmjs.org/', './basic-ods' ]
34 verbose url resolved https://registry.npmjs.org/basic-ods
35 verbose request where is https://registry.npmjs.org/basic-ods
36 info trying registry request attempt 1 at 21:18:38
37 http PUT https://registry.npmjs.org/basic-ods
38 http 403 https://registry.npmjs.org/basic-ods
39 verbose headers { date: 'Mon, 20 Apr 2015 14:18:42 GMT',
39 verbose headers   server: 'Apache',
39 verbose headers   'content-type': 'application/json',
39 verbose headers   'cache-control': 'max-age=60',
39 verbose headers   'content-length': '95',
39 verbose headers   'accept-ranges': 'bytes',
39 verbose headers   via: '1.1 varnish',
39 verbose headers   'x-served-by': 'cache-sn88-SIN',
39 verbose headers   'x-cache': 'MISS',
39 verbose headers   'x-cache-hits': '0',
39 verbose headers   'x-timer': 'S1429539520.470378,VS0,VE1922',
39 verbose headers   'keep-alive': 'timeout=10, max=50',
39 verbose headers   connection: 'Keep-Alive' }
40 error publish Failed PUT 403
41 error Error: "You cannot publish over the previously published version 0.0.3." : basic-ods
41 error     at RegClient.<anonymous> (/usr/share/npm/node_modules/npm-registry-client/lib/request.js:300:14)
41 error     at Request._callback (/usr/share/npm/node_modules/npm-registry-client/lib/request.js:238:65)
41 error     at Request.self.callback (/usr/lib/nodejs/request/index.js:148:22)
41 error     at Request.emit (events.js:98:17)
41 error     at Request.<anonymous> (/usr/lib/nodejs/request/index.js:896:14)
41 error     at Request.emit (events.js:117:20)
41 error     at IncomingMessage.<anonymous> (/usr/lib/nodejs/request/index.js:847:12)
41 error     at IncomingMessage.emit (events.js:117:20)
41 error     at _stream_readable.js:929:16
41 error     at process._tickCallback (node.js:419:13)
42 error If you need help, you may report this *entire* log,
42 error including the npm and node versions, at:
42 error     <http://github.com/npm/npm/issues>
43 error System Linux 3.16-3-amd64
44 error command "/usr/bin/nodejs" "/usr/bin/npm" "publish"
45 error cwd /home/herpiko/src/node-basic-ods
46 error node -v v0.10.29
47 error npm -v 1.4.21
48 verbose exit [ 1, true ]
